0 verbose cli E:\Download\nodejs\node.exe E:\Download\nodejs\node_modules\npm\bin\npm-cli.js
1 info using npm@10.9.2
2 info using node@v23.9.0
3 silly config load:file:E:\Download\nodejs\node_modules\npm\npmrc
4 silly config load:file:D:\Novel writing\frontend\.npmrc
5 silly config load:file:C:\Users\chiaoyunao\.npmrc
6 silly config load:file:E:\Program Files\node-v18.18.0-win-x64\node_global\etc\npmrc
7 verbose title npm install
8 verbose argv "install"
9 verbose logfile logs-max:10 dir:D:\Novel writing\frontend\.npm-cache\_logs\2026-04-19T04_29_17_566Z-
10 verbose logfile D:\Novel writing\frontend\.npm-cache\_logs\2026-04-19T04_29_17_566Z-debug-0.log
11 silly logfile done cleaning log files
12 silly packumentCache heap:4345298944 maxSize:1086324736 maxEntrySize:543162368
13 silly idealTree buildDeps
14 silly fetch manifest konva@^9.3.18
15 silly packumentCache full:https://registry.npm.taobao.org/konva cache-miss
16 http fetch GET 200 https://registry.npmmirror.com/npm 391ms
17 http fetch GET 200 https://registry.npmmirror.com/konva 345ms (cache miss)
18 silly packumentCache full:https://registry.npm.taobao.org/konva set size:102527 disposed:false
19 silly placeDep ROOT konva@9.3.22 OK for: frontend@1.0.0 want: ^9.3.18
20 silly reify moves {}
21 silly audit bulk request {
21 silly audit   '@babel/helper-string-parser': [ '7.27.1' ],
21 silly audit   '@babel/helper-validator-identifier': [ '7.28.5' ],
21 silly audit   '@babel/parser': [ '7.29.2' ],
21 silly audit   '@babel/types': [ '7.29.0' ],
21 silly audit   '@emnapi/core': [ '1.9.1' ],
21 silly audit   '@emnapi/runtime': [ '1.9.1' ],
21 silly audit   '@emnapi/wasi-threads': [ '1.2.0' ],
21 silly audit   '@jridgewell/sourcemap-codec': [ '1.5.5' ],
21 silly audit   '@napi-rs/wasm-runtime': [ '1.1.2' ],
21 silly audit   '@oxc-project/types': [ '0.122.0' ],
21 silly audit   '@rolldown/binding-android-arm64': [ '1.0.0-rc.12' ],
21 silly audit   '@rolldown/binding-darwin-arm64': [ '1.0.0-rc.12' ],
21 silly audit   '@rolldown/binding-darwin-x64': [ '1.0.0-rc.12' ],
21 silly audit   '@rolldown/binding-freebsd-x64': [ '1.0.0-rc.12' ],
21 silly audit   '@rolldown/binding-linux-arm-gnueabihf': [ '1.0.0-rc.12' ],
21 silly audit   '@rolldown/binding-linux-arm64-gnu': [ '1.0.0-rc.12' ],
21 silly audit   '@rolldown/binding-linux-arm64-musl': [ '1.0.0-rc.12' ],
21 silly audit   '@rolldown/binding-linux-ppc64-gnu': [ '1.0.0-rc.12' ],
21 silly audit   '@rolldown/binding-linux-s390x-gnu': [ '1.0.0-rc.12' ],
21 silly audit   '@rolldown/binding-linux-x64-gnu': [ '1.0.0-rc.12' ],
21 silly audit   '@rolldown/binding-linux-x64-musl': [ '1.0.0-rc.12' ],
21 silly audit   '@rolldown/binding-openharmony-arm64': [ '1.0.0-rc.12' ],
21 silly audit   '@rolldown/binding-wasm32-wasi': [ '1.0.0-rc.12' ],
21 silly audit   '@rolldown/binding-win32-arm64-msvc': [ '1.0.0-rc.12' ],
21 silly audit   '@rolldown/binding-win32-x64-msvc': [ '1.0.0-rc.12' ],
21 silly audit   '@rolldown/pluginutils': [ '1.0.0-rc.2', '1.0.0-rc.12' ],
21 silly audit   '@tybys/wasm-util': [ '0.10.1' ],
21 silly audit   '@types/node': [ '25.5.0' ],
21 silly audit   '@vitejs/plugin-vue': [ '6.0.5' ],
21 silly audit   '@vue/compiler-core': [ '3.5.31' ],
21 silly audit   '@vue/compiler-dom': [ '3.5.31' ],
21 silly audit   '@vue/compiler-sfc': [ '3.5.31' ],
21 silly audit   '@vue/compiler-ssr': [ '3.5.31' ],
21 silly audit   '@vue/devtools-api': [ '6.6.4' ],
21 silly audit   '@vue/reactivity': [ '3.5.31' ],
21 silly audit   '@vue/runtime-core': [ '3.5.31' ],
21 silly audit   '@vue/runtime-dom': [ '3.5.31' ],
21 silly audit   '@vue/server-renderer': [ '3.5.31' ],
21 silly audit   '@vue/shared': [ '3.5.31' ],
21 silly audit   csstype: [ '3.2.3' ],
21 silly audit   'detect-libc': [ '2.1.2' ],
21 silly audit   entities: [ '7.0.1' ],
21 silly audit   'estree-walker': [ '2.0.2' ],
21 silly audit   fdir: [ '6.5.0' ],
21 silly audit   fsevents: [ '2.3.3' ],
21 silly audit   lightningcss: [ '1.32.0' ],
21 silly audit   'lightningcss-android-arm64': [ '1.32.0' ],
21 silly audit   'lightningcss-darwin-arm64': [ '1.32.0' ],
21 silly audit   'lightningcss-darwin-x64': [ '1.32.0' ],
21 silly audit   'lightningcss-freebsd-x64': [ '1.32.0' ],
21 silly audit   'lightningcss-linux-arm-gnueabihf': [ '1.32.0' ],
21 silly audit   'lightningcss-linux-arm64-gnu': [ '1.32.0' ],
21 silly audit   'lightningcss-linux-arm64-musl': [ '1.32.0' ],
21 silly audit   'lightningcss-linux-x64-gnu': [ '1.32.0' ],
21 silly audit   'lightningcss-linux-x64-musl': [ '1.32.0' ],
21 silly audit   'lightningcss-win32-arm64-msvc': [ '1.32.0' ],
21 silly audit   'lightningcss-win32-x64-msvc': [ '1.32.0' ],
21 silly audit   'magic-string': [ '0.30.21' ],
21 silly audit   nanoid: [ '3.3.11' ],
21 silly audit   picocolors: [ '1.1.1' ],
21 silly audit   picomatch: [ '4.0.4' ],
21 silly audit   postcss: [ '8.5.8' ],
21 silly audit   rolldown: [ '1.0.0-rc.12' ],
21 silly audit   'source-map-js': [ '1.2.1' ],
21 silly audit   three: [ '0.183.2' ],
21 silly audit   tinyglobby: [ '0.2.15' ],
21 silly audit   tslib: [ '2.8.1' ],
21 silly audit   typescript: [ '6.0.2' ],
21 silly audit   'undici-types': [ '7.18.2' ],
21 silly audit   vite: [ '8.0.3' ],
21 silly audit   vue: [ '3.5.31' ],
21 silly audit   'vue-router': [ '4.6.4' ],
21 silly audit   yaml: [ '2.8.3' ],
21 silly audit   konva: [ '9.3.22' ]
21 silly audit }
22 verbose reify failed optional dependency D:\Novel writing\frontend\node_modules\lightningcss-win32-arm64-msvc
23 silly reify mark deleted [
23 silly reify   'D:\\Novel writing\\frontend\\node_modules\\lightningcss-win32-arm64-msvc'
23 silly reify ]
24 verbose reify failed optional dependency D:\Novel writing\frontend\node_modules\lightningcss-linux-x64-musl
25 silly reify mark deleted [
25 silly reify   'D:\\Novel writing\\frontend\\node_modules\\lightningcss-linux-x64-musl'
25 silly reify ]
26 verbose reify failed optional dependency D:\Novel writing\frontend\node_modules\lightningcss-linux-x64-gnu
27 silly reify mark deleted [
27 silly reify   'D:\\Novel writing\\frontend\\node_modules\\lightningcss-linux-x64-gnu'
27 silly reify ]
28 verbose reify failed optional dependency D:\Novel writing\frontend\node_modules\lightningcss-linux-arm64-musl
29 silly reify mark deleted [
29 silly reify   'D:\\Novel writing\\frontend\\node_modules\\lightningcss-linux-arm64-musl'
29 silly reify ]
30 verbose reify failed optional dependency D:\Novel writing\frontend\node_modules\lightningcss-linux-arm64-gnu
31 silly reify mark deleted [
31 silly reify   'D:\\Novel writing\\frontend\\node_modules\\lightningcss-linux-arm64-gnu'
31 silly reify ]
32 verbose reify failed optional dependency D:\Novel writing\frontend\node_modules\lightningcss-linux-arm-gnueabihf
33 silly reify mark deleted [
33 silly reify   'D:\\Novel writing\\frontend\\node_modules\\lightningcss-linux-arm-gnueabihf'
33 silly reify ]
34 verbose reify failed optional dependency D:\Novel writing\frontend\node_modules\lightningcss-freebsd-x64
35 silly reify mark deleted [
35 silly reify   'D:\\Novel writing\\frontend\\node_modules\\lightningcss-freebsd-x64'
35 silly reify ]
36 verbose reify failed optional dependency D:\Novel writing\frontend\node_modules\lightningcss-darwin-x64
37 silly reify mark deleted [
37 silly reify   'D:\\Novel writing\\frontend\\node_modules\\lightningcss-darwin-x64'
37 silly reify ]
38 verbose reify failed optional dependency D:\Novel writing\frontend\node_modules\lightningcss-darwin-arm64
39 silly reify mark deleted [
39 silly reify   'D:\\Novel writing\\frontend\\node_modules\\lightningcss-darwin-arm64'
39 silly reify ]
40 verbose reify failed optional dependency D:\Novel writing\frontend\node_modules\lightningcss-android-arm64
41 silly reify mark deleted [
41 silly reify   'D:\\Novel writing\\frontend\\node_modules\\lightningcss-android-arm64'
41 silly reify ]
42 verbose reify failed optional dependency D:\Novel writing\frontend\node_modules\fsevents
43 silly reify mark deleted [ 'D:\\Novel writing\\frontend\\node_modules\\fsevents' ]
44 verbose reify failed optional dependency D:\Novel writing\frontend\node_modules\@rolldown\binding-win32-arm64-msvc
45 silly reify mark deleted [
45 silly reify   'D:\\Novel writing\\frontend\\node_modules\\@rolldown\\binding-win32-arm64-msvc'
45 silly reify ]
46 verbose reify failed optional dependency D:\Novel writing\frontend\node_modules\@rolldown\binding-wasm32-wasi
47 silly reify mark deleted [
47 silly reify   'D:\\Novel writing\\frontend\\node_modules\\@rolldown\\binding-wasm32-wasi'
47 silly reify ]
48 verbose reify failed optional dependency D:\Novel writing\frontend\node_modules\@napi-rs\wasm-runtime
49 silly reify mark deleted [ 'D:\\Novel writing\\frontend\\node_modules\\@napi-rs\\wasm-runtime' ]
50 verbose reify failed optional dependency D:\Novel writing\frontend\node_modules\@emnapi\core
51 silly reify mark deleted [ 'D:\\Novel writing\\frontend\\node_modules\\@emnapi\\core' ]
52 verbose reify failed optional dependency D:\Novel writing\frontend\node_modules\@emnapi\runtime
53 silly reify mark deleted [ 'D:\\Novel writing\\frontend\\node_modules\\@emnapi\\runtime' ]
54 verbose reify failed optional dependency D:\Novel writing\frontend\node_modules\@tybys\wasm-util
55 silly reify mark deleted [ 'D:\\Novel writing\\frontend\\node_modules\\@tybys\\wasm-util' ]
56 verbose reify failed optional dependency D:\Novel writing\frontend\node_modules\@emnapi\wasi-threads
57 silly reify mark deleted [ 'D:\\Novel writing\\frontend\\node_modules\\@emnapi\\wasi-threads' ]
58 verbose reify failed optional dependency D:\Novel writing\frontend\node_modules\tslib
59 silly reify mark deleted [ 'D:\\Novel writing\\frontend\\node_modules\\tslib' ]
60 verbose reify failed optional dependency D:\Novel writing\frontend\node_modules\@rolldown\binding-openharmony-arm64
61 silly reify mark deleted [
61 silly reify   'D:\\Novel writing\\frontend\\node_modules\\@rolldown\\binding-openharmony-arm64'
61 silly reify ]
62 verbose reify failed optional dependency D:\Novel writing\frontend\node_modules\@rolldown\binding-linux-x64-musl
63 silly reify mark deleted [
63 silly reify   'D:\\Novel writing\\frontend\\node_modules\\@rolldown\\binding-linux-x64-musl'
63 silly reify ]
64 verbose reify failed optional dependency D:\Novel writing\frontend\node_modules\@rolldown\binding-linux-x64-gnu
65 silly reify mark deleted [
65 silly reify   'D:\\Novel writing\\frontend\\node_modules\\@rolldown\\binding-linux-x64-gnu'
65 silly reify ]
66 verbose reify failed optional dependency D:\Novel writing\frontend\node_modules\@rolldown\binding-linux-s390x-gnu
67 silly reify mark deleted [
67 silly reify   'D:\\Novel writing\\frontend\\node_modules\\@rolldown\\binding-linux-s390x-gnu'
67 silly reify ]
68 verbose reify failed optional dependency D:\Novel writing\frontend\node_modules\@rolldown\binding-linux-ppc64-gnu
69 silly reify mark deleted [
69 silly reify   'D:\\Novel writing\\frontend\\node_modules\\@rolldown\\binding-linux-ppc64-gnu'
69 silly reify ]
70 verbose reify failed optional dependency D:\Novel writing\frontend\node_modules\@rolldown\binding-linux-arm64-musl
71 silly reify mark deleted [
71 silly reify   'D:\\Novel writing\\frontend\\node_modules\\@rolldown\\binding-linux-arm64-musl'
71 silly reify ]
72 verbose reify failed optional dependency D:\Novel writing\frontend\node_modules\@rolldown\binding-linux-arm64-gnu
73 silly reify mark deleted [
73 silly reify   'D:\\Novel writing\\frontend\\node_modules\\@rolldown\\binding-linux-arm64-gnu'
73 silly reify ]
74 verbose reify failed optional dependency D:\Novel writing\frontend\node_modules\@rolldown\binding-linux-arm-gnueabihf
75 silly reify mark deleted [
75 silly reify   'D:\\Novel writing\\frontend\\node_modules\\@rolldown\\binding-linux-arm-gnueabihf'
75 silly reify ]
76 verbose reify failed optional dependency D:\Novel writing\frontend\node_modules\@rolldown\binding-freebsd-x64
77 silly reify mark deleted [
77 silly reify   'D:\\Novel writing\\frontend\\node_modules\\@rolldown\\binding-freebsd-x64'
77 silly reify ]
78 verbose reify failed optional dependency D:\Novel writing\frontend\node_modules\@rolldown\binding-darwin-x64
79 silly reify mark deleted [
79 silly reify   'D:\\Novel writing\\frontend\\node_modules\\@rolldown\\binding-darwin-x64'
79 silly reify ]
80 verbose reify failed optional dependency D:\Novel writing\frontend\node_modules\@rolldown\binding-darwin-arm64
81 silly reify mark deleted [
81 silly reify   'D:\\Novel writing\\frontend\\node_modules\\@rolldown\\binding-darwin-arm64'
81 silly reify ]
82 verbose reify failed optional dependency D:\Novel writing\frontend\node_modules\@rolldown\binding-android-arm64
83 silly reify mark deleted [
83 silly reify   'D:\\Novel writing\\frontend\\node_modules\\@rolldown\\binding-android-arm64'
83 silly reify ]
84 http cache tslib@https://registry.npmmirror.com/tslib/-/tslib-2.8.1.tgz 1ms (cache hit)
85 http cache @tybys/wasm-util@https://registry.npmmirror.com/@tybys/wasm-util/-/wasm-util-0.10.1.tgz 0ms (cache hit)
86 http cache konva@https://registry.npmmirror.com/konva/-/konva-9.3.22.tgz 0ms (cache hit)
87 http cache @emnapi/wasi-threads@https://registry.npmmirror.com/@emnapi/wasi-threads/-/wasi-threads-1.2.0.tgz 0ms (cache hit)
88 http cache @napi-rs/wasm-runtime@https://registry.npmmirror.com/@napi-rs/wasm-runtime/-/wasm-runtime-1.1.2.tgz 0ms (cache hit)
89 http cache @emnapi/core@https://registry.npmmirror.com/@emnapi/core/-/core-1.9.1.tgz 0ms (cache hit)
90 http cache @emnapi/runtime@https://registry.npmmirror.com/@emnapi/runtime/-/runtime-1.9.1.tgz 0ms (cache hit)
91 silly tarball no local data for tslib@https://registry.npmmirror.com/tslib/-/tslib-2.8.1.tgz. Extracting by manifest.
92 silly tarball no local data for @tybys/wasm-util@https://registry.npmmirror.com/@tybys/wasm-util/-/wasm-util-0.10.1.tgz. Extracting by manifest.
93 silly tarball no local data for konva@https://registry.npmmirror.com/konva/-/konva-9.3.22.tgz. Extracting by manifest.
94 silly tarball no local data for @emnapi/wasi-threads@https://registry.npmmirror.com/@emnapi/wasi-threads/-/wasi-threads-1.2.0.tgz. Extracting by manifest.
95 silly tarball no local data for @napi-rs/wasm-runtime@https://registry.npmmirror.com/@napi-rs/wasm-runtime/-/wasm-runtime-1.1.2.tgz. Extracting by manifest.
96 silly tarball no local data for @emnapi/core@https://registry.npmmirror.com/@emnapi/core/-/core-1.9.1.tgz. Extracting by manifest.
97 silly tarball no local data for @emnapi/runtime@https://registry.npmmirror.com/@emnapi/runtime/-/runtime-1.9.1.tgz. Extracting by manifest.
98 http fetch POST 404 https://registry.npmmirror.com/-/npm/v1/security/advisories/bulk 126ms (cache skip)
99 silly audit bulk request failed [object Object]
100 http fetch POST 404 https://registry.npmmirror.com/-/npm/v1/security/audits/quick 55ms (cache skip)
101 verbose audit error HttpErrorGeneral: 404 Not Found - POST https://registry.npmmirror.com/-/npm/v1/security/audits/quick - [NOT_IMPLEMENTED] /-/npm/v1/security/* not implemented yet
101 verbose audit error     at E:\Download\nodejs\node_modules\npm\node_modules\npm-registry-fetch\lib\check-response.js:103:15
101 verbose audit error     at process.processTicksAndRejections (node:internal/process/task_queues:105:5)
101 verbose audit error     at async [getReport] (E:\Download\nodejs\node_modules\npm\node_modules\@npmcli\arborist\lib\audit-report.js:336:21)
101 verbose audit error     at async AuditReport.run (E:\Download\nodejs\node_modules\npm\node_modules\@npmcli\arborist\lib\audit-report.js:106:19) {
101 verbose audit error   headers: [Object: null prototype] {
101 verbose audit error     server: [ 'Tengine' ],
101 verbose audit error     date: [ 'Sun, 19 Apr 2026 04:29:19 GMT' ],
101 verbose audit error     'content-type': [ 'application/json' ],
101 verbose audit error     'transfer-encoding': [ 'chunked' ],
101 verbose audit error     connection: [ 'keep-alive' ],
101 verbose audit error     'strict-transport-security': [ 'max-age=5184000' ],
101 verbose audit error     via: [ 'kunlun10.cn7632[,404666]' ],
101 verbose audit error     'timing-allow-origin': [ '*' ],
101 verbose audit error     eagleid: [ '2493171e17765729592115206e' ],
101 verbose audit error     'x-fetch-attempts': [ '1' ],
101 verbose audit error     'x-local-cache-status': [ 'skip' ]
101 verbose audit error   },
101 verbose audit error   statusCode: 404,
101 verbose audit error   code: 'E404',
101 verbose audit error   method: 'POST',
101 verbose audit error   uri: 'https://registry.npmmirror.com/-/npm/v1/security/audits/quick',
101 verbose audit error   body: {
101 verbose audit error     error: '[NOT_IMPLEMENTED] /-/npm/v1/security/* not implemented yet'
101 verbose audit error   },
101 verbose audit error   pkgid: undefined
101 verbose audit error }
102 silly audit error [object Object]
103 silly audit report null
104 http fetch GET 200 https://cdn.npmmirror.com/packages/%40emnapi/wasi-threads/1.2.0/wasi-threads-1.2.0.tgz 317ms (cache miss)
105 http fetch GET 200 https://cdn.npmmirror.com/packages/tslib/2.8.1/tslib-2.8.1.tgz 320ms (cache miss)
106 http fetch GET 200 https://cdn.npmmirror.com/packages/%40tybys/wasm-util/0.10.1/wasm-util-0.10.1.tgz 356ms (cache miss)
107 http fetch GET 200 https://cdn.npmmirror.com/packages/%40emnapi/runtime/1.9.1/runtime-1.9.1.tgz 485ms (cache miss)
108 http fetch GET 200 https://cdn.npmmirror.com/packages/%40emnapi/core/1.9.1/core-1.9.1.tgz 542ms (cache miss)
109 http fetch GET 200 https://cdn.npmmirror.com/packages/konva/9.3.22/konva-9.3.22.tgz 609ms (cache miss)
110 http fetch GET 200 https://cdn.npmmirror.com/packages/%40napi-rs/wasm-runtime/1.1.2/wasm-runtime-1.1.2.tgz 681ms (cache miss)
111 silly ADD node_modules/konva
112 silly ADD
113 silly ADD
114 silly ADD
115 silly ADD
116 silly ADD
117 silly ADD
118 silly ADD
119 silly ADD
120 silly ADD
121 silly ADD
122 silly ADD
123 silly ADD
124 silly ADD
125 silly ADD
126 silly ADD
127 silly ADD
128 silly ADD
129 silly ADD
130 silly ADD
131 silly ADD
132 silly ADD
133 silly ADD
134 silly ADD
135 silly ADD
136 silly ADD
137 silly ADD
138 silly ADD
139 silly ADD
140 silly ADD
141 silly ADD
142 silly ADD
143 verbose cwd D:\Novel writing\frontend
144 verbose os Windows_NT 10.0.26100
145 verbose node v23.9.0
146 verbose npm  v10.9.2
147 notice
147 notice New major version of npm available! 10.9.2 -> 11.12.1
147 notice Changelog: https://github.com/npm/cli/releases/tag/v11.12.1
147 notice To update run: npm install -g npm@11.12.1
147 notice  { force: true, [Symbol(proc-log.meta)]: true }
148 verbose exit 0
149 info ok
